# JRE version: Java(TM) SE Runtime Environment (25.0+37) (build 25+37-LTS-3491)
# Java VM: Java HotSpot(TM) 64-Bit Server VM (25+37-LTS-3491, mixed mode, emulated-client, sharing, tiered, compressed oops, compressed class ptrs, g1 gc, windows-amd64)
GC Precious Log:
 CardTable entry size: 512
 Card Set container configuration: InlinePtr #cards 5 size 8 Array Of Cards #cards 10 size 36 Howl #buckets 4 coarsen threshold 1843 Howl Bitmap #cards 512 size 80 coarsen threshold 460 Card regions per heap region 1 cards per card region 2048
 CPUs: 4 total, 4 available
 Memory: 8026M
 Large Page Support: Disabled
 NUMA Support: Disabled
 Compressed Oops: Enabled (32-bit)
 Heap Region Size: 1M
 Heap Min Capacity: 8M
 Heap Initial Capacity: 126M
 Heap Max Capacity: 2008M
 Pre-touch: Disabled
 Parallel Workers: 4
 Concurrent Workers: 1
 Concurrent Refinement Workers: 4
 Periodic GC: Disabled
Heap:
 garbage-first heap   total reserved 2056192K, committed 261120K, used 133120K [0x0000000082800000, 0x0000000100000000)
  region size 1024K, 3 young (3072K), 3 survivors (3072K)
GC Heap Usage History (20 events):
Event: 6.522 {heap After GC invocations=19 (full 0):
 garbage-first heap   total reserved 2056192K, committed 117760K, used 47886K [0x0000000082800000, 0x0000000100000000)
  region size 1024K, 2 young (2048K), 2 survivors (2048K)
}
Event: 6.693 {heap Before GC invocations=19 (full 0):
 garbage-first heap   total reserved 2056192K, committed 117760K, used 97038K [0x0000000082800000, 0x0000000100000000)
  region size 1024K, 51 young (52224K), 2 survivors (2048K)
}
Event: 6.700 {heap After GC invocations=20 (full 0):
 garbage-first heap   total reserved 2056192K, committed 117760K, used 52621K [0x0000000082800000, 0x0000000100000000)
  region size 1024K, 7 young (7168K), 7 survivors (7168K)
}
Event: 6.780 {heap Before GC invocations=20 (full 0):
 garbage-first heap   total reserved 2056192K, committed 117760K, used 93581K [0x0000000082800000, 0x0000000100000000)
  region size 1024K, 48 young (49152K), 7 survivors (7168K)
}
Event: 6.798 {heap After GC invocations=21 (full 0):
 garbage-first heap   total reserved 2056192K, committed 117760K, used 66358K [0x0000000082800000, 0x0000000100000000)
  region size 1024K, 7 young (7168K), 7 survivors (7168K)
}
Event: 6.868 {heap Before GC invocations=22 (full 0):
 garbage-first heap   total reserved 2056192K, committed 117760K, used 98102K [0x0000000082800000, 0x0000000100000000)
  region size 1024K, 38 young (38912K), 7 survivors (7168K)
}
Event: 6.886 {heap After GC invocations=23 (full 0):
 garbage-first heap   total reserved 2056192K, committed 118784K, used 79316K [0x0000000082800000, 0x0000000100000000)
  region size 1024K, 5 young (5120K), 5 survivors (5120K)
}
Event: 6.935 {heap Before GC invocations=23 (full 0):
 garbage-first heap   total reserved 2056192K, committed 118784K, used 101844K [0x0000000082800000, 0x0000000100000000)
  region size 1024K, 27 young (27648K), 5 survivors (5120K)
}
Event: 6.948 {heap After GC invocations=24 (full 0):
 garbage-first heap   total reserved 2056192K, committed 118784K, used 87552K [0x0000000082800000, 0x0000000100000000)
  region size 1024K, 4 young (4096K), 4 survivors (4096K)
}
Event: 6.981 {heap Before GC invocations=24 (full 0):
 garbage-first heap   total reserved 2056192K, committed 118784K, used 104960K [0x0000000082800000, 0x0000000100000000)
  region size 1024K, 21 young (21504K), 4 survivors (4096K)
}
Event: 6.990 {heap After GC invocations=25 (full 0):
 garbage-first heap   total reserved 2056192K, committed 261120K, used 89533K [0x0000000082800000, 0x0000000100000000)
  region size 1024K, 3 young (3072K), 3 survivors (3072K)
}
Event: 7.248 {heap Before GC invocations=25 (full 0):
 garbage-first heap   total reserved 2056192K, committed 261120K, used 187837K [0x0000000082800000, 0x0000000100000000)
  region size 1024K, 98 young (100352K), 3 survivors (3072K)
}
Event: 7.273 {heap After GC invocations=26 (full 0):
 garbage-first heap   total reserved 2056192K, committed 261120K, used 112640K [0x0000000082800000, 0x0000000100000000)
  region size 1024K, 13 young (13312K), 13 survivors (13312K)
}
Event: 7.323 {heap Before GC invocations=26 (full 0):
 garbage-first heap   total reserved 2056192K, committed 261120K, used 139264K [0x0000000082800000, 0x0000000100000000)
  region size 1024K, 40 young (40960K), 13 survivors (13312K)
}
Event: 7.347 {heap After GC invocations=27 (full 0):
 garbage-first heap   total reserved 2056192K, committed 261120K, used 125440K [0x0000000082800000, 0x0000000100000000)
  region size 1024K, 11 young (11264K), 11 survivors (11264K)
}
Event: 7.529 {heap Before GC invocations=28 (full 0):
 garbage-first heap   total reserved 2056192K, committed 261120K, used 181760K [0x0000000082800000, 0x0000000100000000)
  region size 1024K, 78 young (79872K), 11 survivors (11264K)
}
Event: 7.563 {heap After GC invocations=29 (full 0):
 garbage-first heap   total reserved 2056192K, committed 261120K, used 136192K [0x0000000082800000, 0x0000000100000000)
  region size 1024K, 10 young (10240K), 10 survivors (10240K)
}
Event: 7.715 {heap Before GC invocations=29 (full 0):
 garbage-first heap   total reserved 2056192K, committed 261120K, used 204800K [0x0000000082800000, 0x0000000100000000)
  region size 1024K, 74 young (75776K), 10 survivors (10240K)
}
Event: 7.747 {heap After GC invocations=30 (full 0):
 garbage-first heap   total reserved 2056192K, committed 261120K, used 129024K [0x0000000082800000, 0x0000000100000000)
  region size 1024K, 10 young (10240K), 10 survivors (10240K)
}
Event: 8.124 {heap Before GC invocations=30 (full 0):
 garbage-first heap   total reserved 2056192K, committed 261120K, used 200704K [0x0000000082800000, 0x0000000100000000)
  region size 1024K, 80 young (81920K), 10 survivors (10240K)
}

